<?xml version="1.0" encoding="utf-8"?>
<gmi:MI_Metadata xmlns="http://www.isotc211.org/2005/gmi" xmlns:gco="http://www.isotc211.org/2005/gco" xmlns:gmd="http://www.isotc211.org/2005/gmd" xmlns:gmi="http://www.isotc211.org/2005/gmi" xmlns:gml="http://www.opengis.net/gml/3.2" xmlns:gmx="http://www.isotc211.org/2005/gmx" xmlns:gsr="http://www.isotc211.org/2005/gsr" xmlns:gss="http://www.isotc211.org/2005/gss" xmlns:gts="http://www.isotc211.org/2005/gts" xmlns:xlink="http://www.w3.org/1999/xlink" xmlns:xsi="http://www.w3.org/2001/XMLSchema-instance" xsi:schemaLocation="http://www.isotc211.org/2005/gmi http://www.ngdc.noaa.gov/metadata/published/xsd/schema.xsd">
    <gmd:fileIdentifier>
        <gco:CharacterString>test-metadata-empty-vals.xml</gco:CharacterString>
    </gmd:fileIdentifier>
    <gmd:language>
        <gco:CharacterString>eng; USA</gco:CharacterString>
    </gmd:language>
    <gmd:characterSet>
        <gmd:MD_CharacterSetCode codeList="http://www.isotc211.org/2005/resources/Codelist/gmxCodelists.xml#MD_CharacterSetCode" codeListValue="utf8" codeSpace="004">utf8</gmd:MD_CharacterSetCode>
    </gmd:characterSet>
    <gmd:hierarchyLevel>
        <gmd:MD_ScopeCode codeList="http://www.isotc211.org/2005/resources/Codelist/gmxCodelists.xml#MD_ScopeCode" codeListValue="dataset" codeSpace="005">dataset</gmd:MD_ScopeCode>
    </gmd:hierarchyLevel>
    <gmd:contact>
        <gmd:CI_ResponsibleParty>
            <gmd:individualName>
                <gco:CharacterString />
            </gmd:individualName>
            <gmd:organisationName>
                <gco:CharacterString />
            </gmd:organisationName>
            <gmd:positionName>
                <gco:CharacterString />
            </gmd:positionName>
            <gmd:contactInfo>
                <gmd:CI_Contact>
                    <gmd:phone>
                        <gmd:CI_Telephone>
                            <gmd:voice>
                                <gco:CharacterString />
                            </gmd:voice>
                            <gmd:facsimile>
                                <gco:CharacterString />
                            </gmd:facsimile>
                        </gmd:CI_Telephone>
                    </gmd:phone>
                    <gmd:address>
                        <gmd:CI_Address>
                            <gmd:deliveryPoint>
                                <gco:CharacterString />
                            </gmd:deliveryPoint>
                            <gmd:city>
                                <gco:CharacterString />
                            </gmd:city>
                            <gmd:administrativeArea>
                                <gco:CharacterString />
                            </gmd:administrativeArea>
                            <gmd:postalCode>
                                <gco:CharacterString />
                            </gmd:postalCode>
                            <gmd:country>
                                <gco:CharacterString />
                            </gmd:country>
                            <gmd:electronicMailAddress>
                                <gco:CharacterString />
                            </gmd:electronicMailAddress>
                        </gmd:CI_Address>
                    </gmd:address>
                </gmd:CI_Contact>
            </gmd:contactInfo>
            <gmd:role>
                <gmd:CI_RoleCode codeList="http://www.isotc211.org/2005/resources/Codelist/gmxCodelists.xml#CI_RoleCode" codeListValue="" codeSpace="" />
            </gmd:role>
        </gmd:CI_ResponsibleParty>
    </gmd:contact>
    <gmd:dateStamp>
        <gco:DateTime />
    </gmd:dateStamp>
    <gmd:metadataStandardName>
        <gco:CharacterString>ISO 19115-2 Geographic Information - Metadata - Part 2: Extensions for Imagery and Gridded Data</gco:CharacterString>
    </gmd:metadataStandardName>
    <gmd:metadataStandardVersion>
        <gco:CharacterString>ISO 19115-2:2009(E)</gco:CharacterString>
    </gmd:metadataStandardVersion>
    <gmd:identificationInfo>
        <gmd:MD_DataIdentification>
            <gmd:citation>
                <gmd:CI_Citation>
                    <gmd:title>
                        <gco:CharacterString />
                    </gmd:title>
                    <gmd:alternateTitle>
                        <gco:CharacterString />
                    </gmd:alternateTitle>
                    <gmd:date>
                        <gmd:CI_Date>
                            <gmd:date>
                                <gco:Date />
                            </gmd:date>
                            <gmd:dateType>
                                <gmd:CI_DateTypeCode codeList="http://www.isotc211.org/2005/resources/Codelist/gmxCodelists.xml#CI_DateTypeCode" codeListValue="" codeSpace="" />
                            </gmd:dateType>
                        </gmd:CI_Date>
                    </gmd:date>
                </gmd:CI_Citation>
            </gmd:citation>
            <gmd:abstract>
                <gco:CharacterString />
            </gmd:abstract>
            <gmd:purpose>
                <gco:CharacterString />
            </gmd:purpose>
            <gmd:status>
                <gmd:MD_ProgressCode codeList="http://www.isotc211.org/2005/resources/Codelist/gmxCodelists.xml#MD_ProgressCode" codeListValue="completed" codeSpace="001" />
            </gmd:status>
            <gmd:pointOfContact>
                <gmd:CI_ResponsibleParty>
                    <gmd:individualName>
                        <gco:CharacterString />
                    </gmd:individualName>
                    <gmd:organisationName>
                        <gco:CharacterString />
                    </gmd:organisationName>
                    <gmd:positionName>
                        <gco:CharacterString />
                    </gmd:positionName>
                    <gmd:contactInfo>
                        <gmd:CI_Contact>
                            <gmd:phone>
                                <gmd:CI_Telephone>
                                    <gmd:voice>
                                        <gco:CharacterString />
                                    </gmd:voice>
                                    <gmd:facsimile>
                                        <gco:CharacterString />
                                    </gmd:facsimile>
                                </gmd:CI_Telephone>
                            </gmd:phone>
                            <gmd:address>
                                <gmd:CI_Address>
                                    <gmd:deliveryPoint>
                                        <gco:CharacterString />
                                    </gmd:deliveryPoint>
                                    <gmd:city>
                                        <gco:CharacterString />
                                    </gmd:city>
                                    <gmd:administrativeArea>
                                        <gco:CharacterString />
                                    </gmd:administrativeArea>
                                    <gmd:postalCode>
                                        <gco:CharacterString />
                                    </gmd:postalCode>
                                    <gmd:country>
                                        <gco:CharacterString />
                                    </gmd:country>
                                    <gmd:electronicMailAddress>
                                        <gco:CharacterString />
                                    </gmd:electronicMailAddress>
                                </gmd:CI_Address>
                            </gmd:address>
                        </gmd:CI_Contact>
                    </gmd:contactInfo>
                    <gmd:role>
                        <gmd:CI_RoleCode codeList="http://www.isotc211.org/2005/resources/Codelist/gmxCodelists.xml#CI_RoleCode" codeListValue="" codeSpace="" />
                    </gmd:role>
                </gmd:CI_ResponsibleParty>
            </gmd:pointOfContact>
            <gmd:descriptiveKeywords>
                <gmd:MD_Keywords>
                    <gmd:keyword>
                        <gco:CharacterString />
                    </gmd:keyword>
                    <gmd:keyword>
                        <gco:CharacterString />
                    </gmd:keyword>
                    <gmd:keyword>
                        <gco:CharacterString />
                    </gmd:keyword>
                    <gmd:type>
                        <gmd:MD_KeywordTypeCode codeList="http://www.isotc211.org/2005/resources/Codelist/gmxCodelists.xml#MD_KeywordTypeCode" codeListValue="theme" codeSpace="005">theme</gmd:MD_KeywordTypeCode>
                    </gmd:type>
                </gmd:MD_Keywords>
            </gmd:descriptiveKeywords>
            <gmd:descriptiveKeywords>
                <gmd:MD_Keywords>
                    <gmd:keyword>
                        <gco:CharacterString />
                    </gmd:keyword>
                    <gmd:keyword>
                        <gco:CharacterString />
                    </gmd:keyword>
                    <gmd:keyword>
                        <gco:CharacterString />
                    </gmd:keyword>
                    <gmd:type>
                        <gmd:MD_KeywordTypeCode codeList="http://www.isotc211.org/2005/resources/Codelist/gmxCodelists.xml#MD_KeywordTypeCode" codeListValue="place" codeSpace="002">place</gmd:MD_KeywordTypeCode>
                    </gmd:type>
                </gmd:MD_Keywords>
            </gmd:descriptiveKeywords>
            <gmd:language>
                <gco:CharacterString>eng;USA</gco:CharacterString>
            </gmd:language>
            <gmd:topicCategory>
                <gmd:MD_TopicCategoryCode />
            </gmd:topicCategory>
            <gmd:topicCategory>
                <gmd:MD_TopicCategoryCode />
            </gmd:topicCategory>
            <gmd:extent>
                <gmd:EX_Extent id="boundingExtent">
                    <gmd:geographicElement>
                        <gmd:EX_BoundingPolygon>
                            <gmd:polygon />
                        </gmd:EX_BoundingPolygon>
                    </gmd:geographicElement>
                    <gmd:temporalElement>
                        <gmd:EX_TemporalExtent>
                            <gmd:extent>
                                <gml:TimePeriod gml:id="boundingTemporalExtent">
                                    <gml:description />
                                    <gml:beginPosition />
                                    <gml:endPosition />
                                </gml:TimePeriod>
                            </gmd:extent>
                        </gmd:EX_TemporalExtent>
                    </gmd:temporalElement>
                </gmd:EX_Extent>
            </gmd:extent>
            <gmd:supplementalInformation>
                <gco:CharacterString>|||||</gco:CharacterString>
            </gmd:supplementalInformation>
        </gmd:MD_DataIdentification>
    </gmd:identificationInfo>
    <gmd:distributionInfo>
        <gmd:MD_Distribution>
            <gmd:distributor>
                <gmd:MD_Distributor>
                    <gmd:distributorContact>
                        <gmd:CI_ResponsibleParty>
                            <gmd:organisationName>
                                <gco:CharacterString />
                            </gmd:organisationName>
                            <gmd:contactInfo>
                                <gmd:CI_Contact>
                                    <gmd:phone>
                                        <gmd:CI_Telephone>
                                            <gmd:voice>
                                                <gco:CharacterString />
                                            </gmd:voice>
                                            <gmd:facsimile>
                                                <gco:CharacterString />
                                            </gmd:facsimile>
                                        </gmd:CI_Telephone>
                                    </gmd:phone>
                                    <gmd:address>
                                        <gmd:CI_Address>
                                            <gmd:deliveryPoint>
                                                <gco:CharacterString />
                                            </gmd:deliveryPoint>
                                            <gmd:city>
                                                <gco:CharacterString />
                                            </gmd:city>
                                            <gmd:administrativeArea>
                                                <gco:CharacterString />
                                            </gmd:administrativeArea>
                                            <gmd:postalCode>
                                                <gco:CharacterString />
                                            </gmd:postalCode>
                                            <gmd:country>
                                                <gco:CharacterString />
                                            </gmd:country>
                                            <gmd:electronicMailAddress>
                                                <gco:CharacterString />
                                            </gmd:electronicMailAddress>
                                        </gmd:CI_Address>
                                    </gmd:address>
                                    <gmd:onlineResource>
                                        <gmd:CI_OnlineResource>
                                            <gmd:linkage>
                                                <gmd:URL />
                                            </gmd:linkage>
                                            <gmd:protocol>
                                                <gco:CharacterString />
                                            </gmd:protocol>
                                        </gmd:CI_OnlineResource>
                                    </gmd:onlineResource>
                                </gmd:CI_Contact>
                            </gmd:contactInfo>
                            <gmd:role>
                                <gmd:CI_RoleCode codeList="http://www.isotc211.org/2005/resources/Codelist/gmxCodelists.xml#CI_RoleCode" codeListValue="" codeSpace="" />
                            </gmd:role>
                        </gmd:CI_ResponsibleParty>
                    </gmd:distributorContact>
                    <gmd:distributorFormat>
                        <gmd:MD_Format>
                            <gmd:name>
                                <gco:CharacterString />
                            </gmd:name>
                            <gmd:version gco:nilReason="inapplicable" />
                            <gmd:fileDecompressionTechnique>
                                <gco:CharacterString />
                            </gmd:fileDecompressionTechnique>
                        </gmd:MD_Format>
                    </gmd:distributorFormat>
                    <gmd:distributorTransferOptions>
                        <gmd:MD_DigitalTransferOptions>
                            <gmd:transferSize>
                                <gco:Real />
                            </gmd:transferSize>
                            <gmd:onLine>
                                <gmd:CI_OnlineResource>
                                    <gmd:linkage>
                                        <gmd:URL />
                                    </gmd:linkage>
                                    <gmd:protocol>
                                        <gco:CharacterString />
                                    </gmd:protocol>
                                </gmd:CI_OnlineResource>
                            </gmd:onLine>
                        </gmd:MD_DigitalTransferOptions>
                    </gmd:distributorTransferOptions>
                </gmd:MD_Distributor>
            </gmd:distributor>
        </gmd:MD_Distribution>
    </gmd:distributionInfo>
    <gmd:metadataMaintenance>
        <gmd:MD_MaintenanceInformation>
            <gmd:maintenanceAndUpdateFrequency gco:nilReason="unknown" />
            <gmd:maintenanceNote>
                <gco:CharacterString />
            </gmd:maintenanceNote>
        </gmd:MD_MaintenanceInformation>
    </gmd:metadataMaintenance>
</gmi:MI_Metadata>
